<?xml version="1.0" encoding="UTF-8" ?>
<testsuite errors="0" failures="0" hostname="LS--20150619NZG" name="jessie.booksmanage.test.service.ReadBeanRecordServiceImplTest" skipped="0" tests="2" time="0.212" timestamp="2016-06-04T14:47:11">
  <properties>
[...]
</properties>
  <testcase classname="jessie.booksmanage.test.service.ReadBeanRecordServiceImplTest" name="testAddReadBeanRecord" time="0.018" />
  <testcase classname="jessie.booksmanage.test.service.ReadBeanRecordServiceImplTest" name="testGetBeanRecordByStuNum" time="0.001" />
  <system-out><![CDATA[]]></system-out>
  <system-err><![CDATA[]]></system-err>
</testsuite>
